Release 14.6 - xst P.68d (nt64)
Copyright (c) 1995-2013 Xilinx, Inc.  All rights reserved.
--> Parameter TMPDIR set to xst/projnav.tmp


Total REAL time to Xst completion: 0.00 secs
Total CPU time to Xst completion: 0.08 secs
 
--> Parameter xsthdpdir set to xst


Total REAL time to Xst completion: 0.00 secs
Total CPU time to Xst completion: 0.08 secs
 
--> Reading design: rc5controller.prj

TABLE OF CONTENTS
  1) Synthesis Options Summary
  2) HDL Parsing
  3) HDL Elaboration
  4) HDL Synthesis
       4.1) HDL Synthesis Report
  5) Advanced HDL Synthesis
       5.1) Advanced HDL Synthesis Report
  6) Low Level Synthesis
  7) Partition Report
  8) Design Summary
       8.1) Primitive and Black Box Usage
       8.2) Device utilization summary
       8.3) Partition Resource Summary
       8.4) Timing Report
            8.4.1) Clock Information
            8.4.2) Asynchronous Control Signals Information
            8.4.3) Timing Summary
            8.4.4) Timing Details
            8.4.5) Cross Clock Domains Report


=========================================================================
*                      Synthesis Options Summary                        *
=========================================================================
---- Source Parameters
Input File Name                    : "rc5controller.prj"
Ignore Synthesis Constraint File   : NO

---- Target Parameters
Output File Name                   : "rc5controller"
Output Format                      : NGC
Target Device                      : xc6slx45-2-fgg676

---- Source Options
Top Module Name                    : rc5controller
Automatic FSM Extraction           : YES
FSM Encoding Algorithm             : Auto
Safe Implementation                : No
FSM Style                          : LUT
RAM Extraction                     : Yes
RAM Style                          : Auto
ROM Extraction                     : Yes
Shift Register Extraction          : YES
ROM Style                          : Auto
Resource Sharing                   : YES
Asynchronous To Synchronous        : NO
Shift Register Minimum Size        : 2
Use DSP Block                      : Auto
Automatic Register Balancing       : No

---- Target Options
LUT Combining                      : Auto
Reduce Control Sets                : Auto
Add IO Buffers                     : YES
Global Maximum Fanout              : 100000
Add Generic Clock Buffer(BUFG)     : 16
Register Duplication               : YES
Optimize Instantiated Primitives   : NO
Use Clock Enable                   : Auto
Use Synchronous Set                : Auto
Use Synchronous Reset              : Auto
Pack IO Registers into IOBs        : Auto
Equivalent register Removal        : YES

---- General Options
Optimization Goal                  : Speed
Optimization Effort                : 1
Power Reduction                    : NO
Keep Hierarchy                     : No
Netlist Hierarchy                  : As_Optimized
RTL Output                         : Yes
Global Optimization                : AllClockNets
Read Cores                         : YES
Write Timing Constraints           : NO
Cross Clock Analysis               : NO
Hierarchy Separator                : /
Bus Delimiter                      : <>
Case Specifier                     : Maintain
Slice Utilization Ratio            : 100
BRAM Utilization Ratio             : 100
DSP48 Utilization Ratio            : 100
Auto BRAM Packing                  : NO
Slice Utilization Ratio Delta      : 5

=========================================================================


=========================================================================
*                          HDL Parsing                                  *
=========================================================================
Parsing VHDL file "C:\Xilinx\14.6\ISE_DS\EDK\hw\XilinxProcessorIPLib\pcores\proc_common_v3_00_a\hdl\vhdl\proc_common_pkg.vhd" into library proc_common_v3_00_a
Parsing package <proc_common_pkg>.
Parsing package body <proc_common_pkg>.
Parsing VHDL file "C:\Xilinx\14.6\ISE_DS\EDK\hw\XilinxProcessorIPLib\pcores\proc_common_v3_00_a\hdl\vhdl\family_support.vhd" into library proc_common_v3_00_a
Parsing package <family_support>.
Parsing package body <family_support>.
Parsing VHDL file "C:\Xilinx\14.6\ISE_DS\EDK\hw\XilinxProcessorIPLib\pcores\proc_common_v3_00_a\hdl\vhdl\pselect_f.vhd" into library proc_common_v3_00_a
Parsing entity <pselect_f>.
Parsing architecture <imp> of entity <pselect_f>.
Parsing VHDL file "C:\Xilinx\14.6\ISE_DS\EDK\hw\XilinxProcessorIPLib\pcores\proc_common_v3_00_a\hdl\vhdl\ipif_pkg.vhd" into library proc_common_v3_00_a
Parsing package <ipif_pkg>.
Parsing package body <ipif_pkg>.
Parsing VHDL file "C:\Xilinx\14.6\ISE_DS\EDK\hw\XilinxProcessorIPLib\pcores\proc_common_v3_00_a\hdl\vhdl\counter_f.vhd" into library proc_common_v3_00_a
Parsing entity <counter_f>.
Parsing architecture <imp> of entity <counter_f>.
Parsing VHDL file "C:\Xilinx\14.6\ISE_DS\EDK\hw\XilinxProcessorIPLib\pcores\axi_lite_ipif_v1_01_a\hdl\vhdl\address_decoder.vhd" into library axi_lite_ipif_v1_01_a
Parsing entity <address_decoder>.
Parsing architecture <IMP> of entity <address_decoder>.
Parsing VHDL file "C:\materija\RA77-2013\LPRS2_projekat-master\LPRS2_projekat-master\pcores\rc5controller_v1_00_a\hdl\vhdl\reg.vhd" into library work
Parsing entity <reg>.
Parsing architecture <arch_reg> of entity <reg>.
Parsing VHDL file "C:\Xilinx\14.6\ISE_DS\EDK\hw\XilinxProcessorIPLib\pcores\axi_lite_ipif_v1_01_a\hdl\vhdl\slave_attachment.vhd" into library axi_lite_ipif_v1_01_a
Parsing entity <slave_attachment>.
Parsing architecture <imp> of entity <slave_attachment>.
Parsing VHDL file "C:\materija\RA77-2013\LPRS2_projekat-master\LPRS2_projekat-master\pcores\rc5controller_v1_00_a\hdl\vhdl\RC5Shifter.vhd" into library work
Parsing entity <RC5Shifter>.
Parsing architecture <Behavioral> of entity <rc5shifter>.
WARNING:HDLCompiler:946 - "C:\materija\RA77-2013\LPRS2_projekat-master\LPRS2_projekat-master\pcores\rc5controller_v1_00_a\hdl\vhdl\RC5Shifter.vhd" Line 81: Actual for formal port i_clk is neither a static name nor a globally static expression
Parsing VHDL file "C:\Xilinx\14.6\ISE_DS\EDK\hw\XilinxProcessorIPLib\pcores\axi_lite_ipif_v1_01_a\hdl\vhdl\axi_lite_ipif.vhd" into library axi_lite_ipif_v1_01_a
Parsing entity <axi_lite_ipif>.
Parsing architecture <imp> of entity <axi_lite_ipif>.
Parsing VHDL file "C:\materija\RA77-2013\LPRS2_projekat-master\LPRS2_projekat-master\pcores\rc5controller_v1_00_a\hdl\vhdl\user_logic.vhd" into library rc5controller_v1_00_a
Parsing entity <user_logic>.
Parsing architecture <IMP> of entity <user_logic>.
Parsing VHDL file "C:\materija\RA77-2013\LPRS2_projekat-master\LPRS2_projekat-master\pcores\rc5controller_v1_00_a\hdl\vhdl\rc5controller.vhd" into library rc5controller_v1_00_a
Parsing entity <rc5controller>.
Parsing architecture <IMP> of entity <rc5controller>.

=========================================================================
*                            HDL Elaboration                            *
=========================================================================

Elaborating entity <rc5controller> (architecture <IMP>) with generics from library <rc5controller_v1_00_a>.

Elaborating entity <axi_lite_ipif> (architecture <imp>) with generics from library <axi_lite_ipif_v1_01_a>.

Elaborating entity <slave_attachment> (architecture <imp>) with generics from library <axi_lite_ipif_v1_01_a>.

Elaborating entity <address_decoder> (architecture <IMP>) with generics from library <axi_lite_ipif_v1_01_a>.
INFO:HDLCompiler:679 - "C:\Xilinx\14.6\ISE_DS\EDK\hw\XilinxProcessorIPLib\pcores\axi_lite_ipif_v1_01_a\hdl\vhdl\slave_attachment.vhd" Line 417. Case statement is complete. others clause is never selected

Elaborating entity <user_logic> (architecture <IMP>) with generics from library <rc5controller_v1_00_a>.
WARNING:HDLCompiler:1127 - "C:\materija\RA77-2013\LPRS2_projekat-master\LPRS2_projekat-master\pcores\rc5controller_v1_00_a\hdl\vhdl\user_logic.vhd" Line 211: Assignment to slv_ip2bus_data ignored, since the identifier is never used

Elaborating entity <RC5Shifter> (architecture <Behavioral>) from library <work>.

Elaborating entity <reg> (architecture <arch_reg>) with generics from library <work>.

Elaborating entity <reg> (architecture <arch_reg>) with generics from library <work>.

Elaborating entity <reg> (architecture <arch_reg>) with generics from library <work>.
WARNING:HDLCompiler:634 - "C:\materija\RA77-2013\LPRS2_projekat-master\LPRS2_projekat-master\pcores\rc5controller_v1_00_a\hdl\vhdl\RC5Shifter.vhd" Line 61: Net <next_shifter_value[26]> does not have a driver.

=========================================================================
*                           HDL Synthesis                               *
=========================================================================

Synthesizing Unit <rc5controller>.
    Related source file is "C:\materija\RA77-2013\LPRS2_projekat-master\LPRS2_projekat-master\pcores\rc5controller_v1_00_a\hdl\vhdl\rc5controller.vhd".
WARNING:Xst:37 - Detected unknown constraint/property "sigis". This constraint/property is not supported by the current software release and will be ignored.
WARNING:Xst:37 - Detected unknown constraint/property "sigis". This constraint/property is not supported by the current software release and will be ignored.
        C_S_AXI_DATA_WIDTH = 32
        C_S_AXI_ADDR_WIDTH = 32
        C_S_AXI_MIN_SIZE = "00000000000000000000000111111111"
        C_USE_WSTRB = 0
        C_DPHASE_TIMEOUT = 8
        C_BASEADDR = "11111111111111111111111111111111"
        C_HIGHADDR = "00000000000000000000000000000000"
        C_FAMILY = "virtex6"
        C_NUM_REG = 1
        C_NUM_MEM = 1
        C_SLV_AWIDTH = 32
        C_SLV_DWIDTH = 32
    Set property "MAX_FANOUT = 10000" for signal <S_AXI_ACLK>.
WARNING:Xst:37 - Detected unknown constraint/property "sigis". This constraint/property is not supported by the current software release and will be ignored.
    Set property "MAX_FANOUT = 10000" for signal <S_AXI_ARESETN>.
WARNING:Xst:37 - Detected unknown constraint/property "sigis". This constraint/property is not supported by the current software release and will be ignored.
INFO:Xst:3210 - "C:\materija\RA77-2013\LPRS2_projekat-master\LPRS2_projekat-master\pcores\rc5controller_v1_00_a\hdl\vhdl\rc5controller.vhd" line 247: Output port <Bus2IP_Addr> of the instance <AXI_LITE_IPIF_I> is unconnected or connected to loadless signal.
INFO:Xst:3210 - "C:\materija\RA77-2013\LPRS2_projekat-master\LPRS2_projekat-master\pcores\rc5controller_v1_00_a\hdl\vhdl\rc5controller.vhd" line 247: Output port <Bus2IP_CS> of the instance <AXI_LITE_IPIF_I> is unconnected or connected to loadless signal.
INFO:Xst:3210 - "C:\materija\RA77-2013\LPRS2_projekat-master\LPRS2_projekat-master\pcores\rc5controller_v1_00_a\hdl\vhdl\rc5controller.vhd" line 247: Output port <Bus2IP_RNW> of the instance <AXI_LITE_IPIF_I> is unconnected or connected to loadless signal.
    Summary:
	no macro.
Unit <rc5controller> synthesized.

Synthesizing Unit <axi_lite_ipif>.
    Related source file is "C:\Xilinx\14.6\ISE_DS\EDK\hw\XilinxProcessorIPLib\pcores\axi_lite_ipif_v1_01_a\hdl\vhdl\axi_lite_ipif.vhd".
        C_S_AXI_DATA_WIDTH = 32
        C_S_AXI_ADDR_WIDTH = 32
        C_S_AXI_MIN_SIZE = "00000000000000000000000111111111"
        C_USE_WSTRB = 0
        C_DPHASE_TIMEOUT = 8
        C_ARD_ADDR_RANGE_ARRAY = ("0000000000000000000000000000000011111111111111111111111111111111","0000000000000000000000000000000000000000000000000000000000000000")
        C_ARD_NUM_CE_ARRAY = (1)
        C_FAMILY = "virtex6"
    Summary:
	no macro.
Unit <axi_lite_ipif> synthesized.

Synthesizing Unit <slave_attachment>.
    Related source file is "C:\Xilinx\14.6\ISE_DS\EDK\hw\XilinxProcessorIPLib\pcores\axi_lite_ipif_v1_01_a\hdl\vhdl\slave_attachment.vhd".
        C_ARD_ADDR_RANGE_ARRAY = ("0000000000000000000000000000000011111111111111111111111111111111","0000000000000000000000000000000000000000000000000000000000000000")
        C_ARD_NUM_CE_ARRAY = (1)
        C_IPIF_ABUS_WIDTH = 32
        C_IPIF_DBUS_WIDTH = 32
        C_S_AXI_MIN_SIZE = "00000000000000000000000111111111"
        C_USE_WSTRB = 0
        C_DPHASE_TIMEOUT = 8
        C_FAMILY = "virtex6"
WARNING:Xst:647 - Input <S_AXI_AWADDR<31:9>> is never used. This port will be preserved and left unconnected if it belongs to a top-level block or it belongs to a sub-block and the hierarchy of this sub-block is preserved.
WARNING:Xst:647 - Input <S_AXI_WSTRB> is never used. This port will be preserved and left unconnected if it belongs to a top-level block or it belongs to a sub-block and the hierarchy of this sub-block is preserved.
WARNING:Xst:647 - Input <S_AXI_ARADDR<31:9>> is never used. This port will be preserved and left unconnected if it belongs to a top-level block or it belongs to a sub-block and the hierarchy of this sub-block is preserved.
INFO:Xst:3210 - "C:\Xilinx\14.6\ISE_DS\EDK\hw\XilinxProcessorIPLib\pcores\axi_lite_ipif_v1_01_a\hdl\vhdl\slave_attachment.vhd" line 341: Output port <CS_for_gaps> of the instance <I_DECODER> is unconnected or connected to loadless signal.
    Found 2-bit register for signal <state>.
    Found 2-bit register for signal <s_axi_rresp_i>.
    Found 32-bit register for signal <s_axi_rdata_i>.
    Found 1-bit register for signal <s_axi_rvalid_i>.
    Found 2-bit register for signal <s_axi_bresp_i>.
    Found 1-bit register for signal <s_axi_bvalid_i>.
    Found 4-bit register for signal <INCLUDE_DPHASE_TIMER.dpto_cnt>.
    Found 1-bit register for signal <rst>.
    Found finite state machine <FSM_0> for signal <state>.
    -----------------------------------------------------------------------
    | States             | 4                                              |
    | Transitions        | 10                                             |
    | Inputs             | 6                                              |
    | Outputs            | 4                                              |
    | Clock              | S_AXI_ACLK (rising_edge)                       |
    | Reset              | rst (positive)                                 |
    | Reset type         | synchronous                                    |
    | Reset State        | sm_idle                                        |
    | Power Up State     | sm_idle                                        |
    | Encoding           | auto                                           |
    | Implementation     | LUT                                            |
    -----------------------------------------------------------------------
    Found 4-bit adder for signal <INCLUDE_DPHASE_TIMER.dpto_cnt[3]_GND_12_o_add_31_OUT> created at line 507.
    Summary:
	inferred   1 Adder/Subtractor(s).
	inferred  43 D-type flip-flop(s).
	inferred   2 Multiplexer(s).
	inferred   1 Finite State Machine(s).
Unit <slave_attachment> synthesized.

Synthesizing Unit <address_decoder>.
    Related source file is "C:\Xilinx\14.6\ISE_DS\EDK\hw\XilinxProcessorIPLib\pcores\axi_lite_ipif_v1_01_a\hdl\vhdl\address_decoder.vhd".
        C_BUS_AWIDTH = 9
        C_S_AXI_MIN_SIZE = "00000000000000000000000111111111"
        C_ARD_ADDR_RANGE_ARRAY = ("0000000000000000000000000000000011111111111111111111111111111111","0000000000000000000000000000000000000000000000000000000000000000")
        C_ARD_NUM_CE_ARRAY = (1)
        C_FAMILY = "nofamily"
WARNING:Xst:647 - Input <Address_In_Erly> is never used. This port will be preserved and left unconnected if it belongs to a top-level block or it belongs to a sub-block and the hierarchy of this sub-block is preserved.
WARNING:Xst:647 - Input <Bus_RNW> is never used. This port will be preserved and left unconnected if it belongs to a top-level block or it belongs to a sub-block and the hierarchy of this sub-block is preserved.
    Found 1-bit register for signal <Bus_RNW_reg>.
    Found 1-bit register for signal <ce_out_i>.
    Found 1-bit register for signal <cs_out_i>.
    Summary:
	inferred   3 D-type flip-flop(s).
Unit <address_decoder> synthesized.

Synthesizing Unit <user_logic>.
    Related source file is "C:\materija\RA77-2013\LPRS2_projekat-master\LPRS2_projekat-master\pcores\rc5controller_v1_00_a\hdl\vhdl\user_logic.vhd".
WARNING:Xst:37 - Detected unknown constraint/property "sigis". This constraint/property is not supported by the current software release and will be ignored.
WARNING:Xst:37 - Detected unknown constraint/property "sigis". This constraint/property is not supported by the current software release and will be ignored.
        C_NUM_REG = 1
        C_SLV_DWIDTH = 32
WARNING:Xst:37 - Detected unknown constraint/property "sigis". This constraint/property is not supported by the current software release and will be ignored.
WARNING:Xst:37 - Detected unknown constraint/property "sigis". This constraint/property is not supported by the current software release and will be ignored.
WARNING:Xst:647 - Input <Bus2IP_Data> is never used. This port will be preserved and left unconnected if it belongs to a top-level block or it belongs to a sub-block and the hierarchy of this sub-block is preserved.
WARNING:Xst:647 - Input <Bus2IP_BE> is never used. This port will be preserved and left unconnected if it belongs to a top-level block or it belongs to a sub-block and the hierarchy of this sub-block is preserved.
WARNING:Xst:647 - Input <Bus2IP_Clk> is never used. This port will be preserved and left unconnected if it belongs to a top-level block or it belongs to a sub-block and the hierarchy of this sub-block is preserved.
    Summary:
	no macro.
Unit <user_logic> synthesized.

Synthesizing Unit <RC5Shifter>.
    Related source file is "C:\materija\RA77-2013\LPRS2_projekat-master\LPRS2_projekat-master\pcores\rc5controller_v1_00_a\hdl\vhdl\RC5Shifter.vhd".
WARNING:Xst:653 - Signal <next_shifter_value<26>> is used but never assigned. This sourceless signal will be automatically connected to value GND.
    Found 25-bit adder for signal <clk_reg_out[24]_GND_15_o_add_2_OUT> created at line 73.
    Found 5-bit adder for signal <s_shift_cnt_value[4]_GND_15_o_add_6_OUT> created at line 90.
    Found 5-bit comparator greater for signal <GND_15_o_s_shift_cnt_value[4]_LessThan_1_o> created at line 70
    Found 25-bit comparator greater for signal <clk_reg_out[24]_GND_15_o_LessThan_2_o> created at line 73
    Found 5-bit comparator greater for signal <s_shift_cnt_value[4]_PWR_15_o_LessThan_6_o> created at line 90
    Summary:
	inferred   2 Adder/Subtractor(s).
	inferred   3 Comparator(s).
	inferred   4 Multiplexer(s).
Unit <RC5Shifter> synthesized.

Synthesizing Unit <reg_1>.
    Related source file is "C:\materija\RA77-2013\LPRS2_projekat-master\LPRS2_projekat-master\pcores\rc5controller_v1_00_a\hdl\vhdl\reg.vhd".
        WIDTH = 25
        RST_INIT = 0
    Found 25-bit register for signal <r_q>.
    Summary:
	inferred  25 D-type flip-flop(s).
Unit <reg_1> synthesized.

Synthesizing Unit <reg_2>.
    Related source file is "C:\materija\RA77-2013\LPRS2_projekat-master\LPRS2_projekat-master\pcores\rc5controller_v1_00_a\hdl\vhdl\reg.vhd".
        WIDTH = 5
        RST_INIT = 0
    Found 5-bit register for signal <r_q>.
    Summary:
	inferred   5 D-type flip-flop(s).
Unit <reg_2> synthesized.

Synthesizing Unit <reg_3>.
    Related source file is "C:\materija\RA77-2013\LPRS2_projekat-master\LPRS2_projekat-master\pcores\rc5controller_v1_00_a\hdl\vhdl\reg.vhd".
        WIDTH = 27
        RST_INIT = 0
    Found 27-bit register for signal <r_q>.
    Summary:
	inferred  27 D-type flip-flop(s).
Unit <reg_3> synthesized.

=========================================================================
HDL Synthesis Report

Macro Statistics
# Adders/Subtractors                                   : 3
 25-bit adder                                          : 1
 4-bit adder                                           : 1
 5-bit adder                                           : 1
# Registers                                            : 13
 1-bit register                                        : 6
 2-bit register                                        : 2
 25-bit register                                       : 1
 27-bit register                                       : 1
 32-bit register                                       : 1
 4-bit register                                        : 1
 5-bit register                                        : 1
# Comparators                                          : 3
 25-bit comparator greater                             : 1
 5-bit comparator greater                              : 2
# Multiplexers                                         : 6
 1-bit 2-to-1 multiplexer                              : 2
 25-bit 2-to-1 multiplexer                             : 2
 32-bit 2-to-1 multiplexer                             : 1
 5-bit 2-to-1 multiplexer                              : 1
# FSMs                                                 : 1

=========================================================================

=========================================================================
*                       Advanced HDL Synthesis                          *
=========================================================================

WARNING:Xst:1293 - FF/Latch <s_axi_bresp_i_1> has a constant value of 0 in block <I_SLAVE_ATTACHMENT>. This FF/Latch will be trimmed during the optimization process.
WARNING:Xst:1293 - FF/Latch <s_axi_bresp_i_0> has a constant value of 0 in block <I_SLAVE_ATTACHMENT>. This FF/Latch will be trimmed during the optimization process.
WARNING:Xst:1293 - FF/Latch <s_axi_rresp_i_1> has a constant value of 0 in block <I_SLAVE_ATTACHMENT>. This FF/Latch will be trimmed during the optimization process.
WARNING:Xst:1293 - FF/Latch <s_axi_rresp_i_0> has a constant value of 0 in block <I_SLAVE_ATTACHMENT>. This FF/Latch will be trimmed during the optimization process.
WARNING:Xst:1293 - FF/Latch <s_axi_rdata_i_31> has a constant value of 0 in block <I_SLAVE_ATTACHMENT>. This FF/Latch will be trimmed during the optimization process.
WARNING:Xst:1293 - FF/Latch <s_axi_rdata_i_30> has a constant value of 0 in block <I_SLAVE_ATTACHMENT>. This FF/Latch will be trimmed during the optimization process.
WARNING:Xst:1293 - FF/Latch <s_axi_rdata_i_29> has a constant value of 0 in block <I_SLAVE_ATTACHMENT>. This FF/Latch will be trimmed during the optimization process.
WARNING:Xst:1293 - FF/Latch <s_axi_rdata_i_28> has a constant value of 0 in block <I_SLAVE_ATTACHMENT>. This FF/Latch will be trimmed during the optimization process.
WARNING:Xst:1293 - FF/Latch <s_axi_rdata_i_27> has a constant value of 0 in block <I_SLAVE_ATTACHMENT>. This FF/Latch will be trimmed during the optimization process.
WARNING:Xst:1293 - FF/Latch <s_axi_rdata_i_26> has a constant value of 0 in block <I_SLAVE_ATTACHMENT>. This FF/Latch will be trimmed during the optimization process.
WARNING:Xst:1293 - FF/Latch <s_axi_rdata_i_25> has a constant value of 0 in block <I_SLAVE_ATTACHMENT>. This FF/Latch will be trimmed during the optimization process.
WARNING:Xst:1293 - FF/Latch <s_axi_rdata_i_24> has a constant value of 0 in block <I_SLAVE_ATTACHMENT>. This FF/Latch will be trimmed during the optimization process.
WARNING:Xst:1293 - FF/Latch <s_axi_rdata_i_23> has a constant value of 0 in block <I_SLAVE_ATTACHMENT>. This FF/Latch will be trimmed during the optimization process.
WARNING:Xst:1293 - FF/Latch <s_axi_rdata_i_22> has a constant value of 0 in block <I_SLAVE_ATTACHMENT>. This FF/Latch will be trimmed during the optimization process.
WARNING:Xst:1293 - FF/Latch <s_axi_rdata_i_21> has a constant value of 0 in block <I_SLAVE_ATTACHMENT>. This FF/Latch will be trimmed during the optimization process.
WARNING:Xst:1293 - FF/Latch <s_axi_rdata_i_20> has a constant value of 0 in block <I_SLAVE_ATTACHMENT>. This FF/Latch will be trimmed during the optimization process.
WARNING:Xst:1293 - FF/Latch <s_axi_rdata_i_19> has a constant value of 0 in block <I_SLAVE_ATTACHMENT>. This FF/Latch will be trimmed during the optimization process.
WARNING:Xst:1293 - FF/Latch <s_axi_rdata_i_18> has a constant value of 0 in block <I_SLAVE_ATTACHMENT>. This FF/Latch will be trimmed during the optimization process.
WARNING:Xst:1293 - FF/Latch <s_axi_rdata_i_17> has a constant value of 0 in block <I_SLAVE_ATTACHMENT>. This FF/Latch will be trimmed during the optimization process.
WARNING:Xst:1293 - FF/Latch <s_axi_rdata_i_16> has a constant value of 0 in block <I_SLAVE_ATTACHMENT>. This FF/Latch will be trimmed during the optimization process.
WARNING:Xst:1293 - FF/Latch <s_axi_rdata_i_15> has a constant value of 0 in block <I_SLAVE_ATTACHMENT>. This FF/Latch will be trimmed during the optimization process.
WARNING:Xst:1293 - FF/Latch <s_axi_rdata_i_14> has a constant value of 0 in block <I_SLAVE_ATTACHMENT>. This FF/Latch will be trimmed during the optimization process.
WARNING:Xst:1293 - FF/Latch <s_axi_rdata_i_13> has a constant value of 0 in block <I_SLAVE_ATTACHMENT>. This FF/Latch will be trimmed during the optimization process.
WARNING:Xst:1293 - FF/Latch <s_axi_rdata_i_12> has a constant value of 0 in block <I_SLAVE_ATTACHMENT>. This FF/Latch will be trimmed during the optimization process.
WARNING:Xst:1293 - FF/Latch <s_axi_rdata_i_11> has a constant value of 0 in block <I_SLAVE_ATTACHMENT>. This FF/Latch will be trimmed during the optimization process.
WARNING:Xst:1293 - FF/Latch <s_axi_rdata_i_10> has a constant value of 0 in block <I_SLAVE_ATTACHMENT>. This FF/Latch will be trimmed during the optimization process.
WARNING:Xst:1293 - FF/Latch <s_axi_rdata_i_9> has a constant value of 0 in block <I_SLAVE_ATTACHMENT>. This FF/Latch will be trimmed during the optimization process.
WARNING:Xst:1293 - FF/Latch <s_axi_rdata_i_8> has a constant value of 0 in block <I_SLAVE_ATTACHMENT>. This FF/Latch will be trimmed during the optimization process.
WARNING:Xst:1293 - FF/Latch <s_axi_rdata_i_7> has a constant value of 0 in block <I_SLAVE_ATTACHMENT>. This FF/Latch will be trimmed during the optimization process.
WARNING:Xst:1293 - FF/Latch <s_axi_rdata_i_6> has a constant value of 0 in block <I_SLAVE_ATTACHMENT>. This FF/Latch will be trimmed during the optimization process.
WARNING:Xst:1293 - FF/Latch <s_axi_rdata_i_5> has a constant value of 0 in block <I_SLAVE_ATTACHMENT>. This FF/Latch will be trimmed during the optimization process.
WARNING:Xst:1293 - FF/Latch <s_axi_rdata_i_4> has a constant value of 0 in block <I_SLAVE_ATTACHMENT>. This FF/Latch will be trimmed during the optimization process.
WARNING:Xst:2677 - Node <r_q_26> of sequential type is unconnected in block <shiftReg>.

Synthesizing (advanced) Unit <RC5Shifter>.
The following registers are absorbed into counter <clockCnt/r_q>: 1 register on signal <clockCnt/r_q>.
The following registers are absorbed into counter <shiftCnt/r_q>: 1 register on signal <shiftCnt/r_q>.
Unit <RC5Shifter> synthesized (advanced).

Synthesizing (advanced) Unit <slave_attachment>.
The following registers are absorbed into counter <INCLUDE_DPHASE_TIMER.dpto_cnt>: 1 register on signal <INCLUDE_DPHASE_TIMER.dpto_cnt>.
Unit <slave_attachment> synthesized (advanced).

=========================================================================
Advanced HDL Synthesis Report

Macro Statistics
# Counters                                             : 3
 25-bit up counter                                     : 1
 4-bit up counter                                      : 1
 5-bit up counter                                      : 1
# Registers                                            : 69
 Flip-Flops                                            : 69
# Comparators                                          : 3
 25-bit comparator greater                             : 1
 5-bit comparator greater                              : 2
# Multiplexers                                         : 4
 1-bit 2-to-1 multiplexer                              : 2
 25-bit 2-to-1 multiplexer                             : 1
 32-bit 2-to-1 multiplexer                             : 1
# FSMs                                                 : 1

=========================================================================

=========================================================================
*                         Low Level Synthesis                           *
=========================================================================
WARNING:Xst:1293 - FF/Latch <s_axi_rresp_i_0> has a constant value of 0 in block <slave_attachment>. This FF/Latch will be trimmed during the optimization process.
WARNING:Xst:1896 - Due to other FF/Latch trimming, FF/Latch <s_axi_bresp_i_0> has a constant value of 0 in block <slave_attachment>. This FF/Latch will be trimmed during the optimization process.
INFO:Xst:2261 - The FF/Latch <s_axi_rdata_i_4> in Unit <slave_attachment> is equivalent to the following 28 FFs/Latches, which will be removed : <s_axi_rdata_i_5> <s_axi_rdata_i_6> <s_axi_rdata_i_7> <s_axi_rdata_i_8> <s_axi_rdata_i_9> <s_axi_rdata_i_10> <s_axi_rdata_i_11> <s_axi_rdata_i_12> <s_axi_rdata_i_13> <s_axi_rdata_i_14> <s_axi_rdata_i_15> <s_axi_rdata_i_16> <s_axi_rdata_i_17> <s_axi_rdata_i_18> <s_axi_rdata_i_19> <s_axi_rdata_i_20> <s_axi_rdata_i_21> <s_axi_rdata_i_22> <s_axi_rdata_i_23> <s_axi_rdata_i_24> <s_axi_rdata_i_25> <s_axi_rdata_i_26> <s_axi_rdata_i_27> <s_axi_rdata_i_28> <s_axi_rdata_i_29> <s_axi_rdata_i_30> <s_axi_rdata_i_31> <s_axi_rresp_i_1> 
INFO:Xst:2261 - The FF/Latch <I_DECODER/ce_out_i_0> in Unit <slave_attachment> is equivalent to the following FF/Latch, which will be removed : <I_DECODER/cs_out_i_0> 
WARNING:Xst:1293 - FF/Latch <s_axi_rdata_i_4> has a constant value of 0 in block <slave_attachment>. This FF/Latch will be trimmed during the optimization process.
WARNING:Xst:1896 - Due to other FF/Latch trimming, FF/Latch <s_axi_bresp_i_1> has a constant value of 0 in block <slave_attachment>. This FF/Latch will be trimmed during the optimization process.
WARNING:Xst:1710 - FF/Latch <r_q_26> (without init value) has a constant value of 0 in block <reg_3>. This FF/Latch will be trimmed during the optimization process.
Analyzing FSM <MFsm> for best encoding.
Optimizing FSM <AXI_LITE_IPIF_I/I_SLAVE_ATTACHMENT/FSM_0> on signal <state[1:2]> with user encoding.
----------------------
 State    | Encoding
----------------------
 sm_idle  | 00
 sm_read  | 01
 sm_write | 10
 sm_resp  | 11
----------------------

Optimizing unit <rc5controller> ...

Optimizing unit <slave_attachment> ...

Optimizing unit <RC5Shifter> ...

Optimizing unit <reg_3> ...
WARNING:Xst:2677 - Node <USER_LOGIC_I/rcshifter/shiftReg/r_q_25> of sequential type is unconnected in block <rc5controller>.
WARNING:Xst:2677 - Node <USER_LOGIC_I/rcshifter/shiftReg/r_q_24> of sequential type is unconnected in block <rc5controller>.
WARNING:Xst:2677 - Node <USER_LOGIC_I/rcshifter/shiftReg/r_q_23> of sequential type is unconnected in block <rc5controller>.
WARNING:Xst:2677 - Node <USER_LOGIC_I/rcshifter/shiftReg/r_q_22> of sequential type is unconnected in block <rc5controller>.
WARNING:Xst:2677 - Node <USER_LOGIC_I/rcshifter/shiftReg/r_q_21> of sequential type is unconnected in block <rc5controller>.
WARNING:Xst:2677 - Node <USER_LOGIC_I/rcshifter/shiftReg/r_q_20> of sequential type is unconnected in block <rc5controller>.
WARNING:Xst:2677 - Node <USER_LOGIC_I/rcshifter/shiftReg/r_q_19> of sequential type is unconnected in block <rc5controller>.
WARNING:Xst:2677 - Node <USER_LOGIC_I/rcshifter/shiftReg/r_q_18> of sequential type is unconnected in block <rc5controller>.
WARNING:Xst:2677 - Node <USER_LOGIC_I/rcshifter/shiftReg/r_q_17> of sequential type is unconnected in block <rc5controller>.
WARNING:Xst:2677 - Node <USER_LOGIC_I/rcshifter/shiftReg/r_q_16> of sequential type is unconnected in block <rc5controller>.
WARNING:Xst:2677 - Node <USER_LOGIC_I/rcshifter/shiftReg/r_q_15> of sequential type is unconnected in block <rc5controller>.
WARNING:Xst:2677 - Node <USER_LOGIC_I/rcshifter/shiftReg/r_q_14> of sequential type is unconnected in block <rc5controller>.
WARNING:Xst:2677 - Node <USER_LOGIC_I/rcshifter/shiftReg/r_q_13> of sequential type is unconnected in block <rc5controller>.
WARNING:Xst:2677 - Node <USER_LOGIC_I/rcshifter/shiftReg/r_q_12> of sequential type is unconnected in block <rc5controller>.
WARNING:Xst:2677 - Node <USER_LOGIC_I/rcshifter/shiftReg/r_q_11> of sequential type is unconnected in block <rc5controller>.
WARNING:Xst:2677 - Node <USER_LOGIC_I/rcshifter/shiftReg/r_q_10> of sequential type is unconnected in block <rc5controller>.
WARNING:Xst:2677 - Node <USER_LOGIC_I/rcshifter/shiftReg/r_q_9> of sequential type is unconnected in block <rc5controller>.
WARNING:Xst:2677 - Node <USER_LOGIC_I/rcshifter/shiftReg/r_q_8> of sequential type is unconnected in block <rc5controller>.
WARNING:Xst:1710 - FF/Latch <USER_LOGIC_I/rcshifter/clockCnt/r_q_24> (without init value) has a constant value of 0 in block <rc5controller>. This FF/Latch will be trimmed during the optimization process.
WARNING:Xst:1710 - FF/Latch <USER_LOGIC_I/rcshifter/clockCnt/r_q_23> (without init value) has a constant value of 0 in block <rc5controller>. This FF/Latch will be trimmed during the optimization process.
WARNING:Xst:1710 - FF/Latch <USER_LOGIC_I/rcshifter/clockCnt/r_q_22> (without init value) has a constant value of 0 in block <rc5controller>. This FF/Latch will be trimmed during the optimization process.
WARNING:Xst:1710 - FF/Latch <USER_LOGIC_I/rcshifter/clockCnt/r_q_21> (without init value) has a constant value of 0 in block <rc5controller>. This FF/Latch will be trimmed during the optimization process.
WARNING:Xst:1710 - FF/Latch <USER_LOGIC_I/rcshifter/clockCnt/r_q_20> (without init value) has a constant value of 0 in block <rc5controller>. This FF/Latch will be trimmed during the optimization process.
WARNING:Xst:1710 - FF/Latch <USER_LOGIC_I/rcshifter/clockCnt/r_q_19> (without init value) has a constant value of 0 in block <rc5controller>. This FF/Latch will be trimmed during the optimization process.
WARNING:Xst:1710 - FF/Latch <USER_LOGIC_I/rcshifter/clockCnt/r_q_18> (without init value) has a constant value of 0 in block <rc5controller>. This FF/Latch will be trimmed during the optimization process.
WARNING:Xst:1710 - FF/Latch <USER_LOGIC_I/rcshifter/clockCnt/r_q_17> (without init value) has a constant value of 0 in block <rc5controller>. This FF/Latch will be trimmed during the optimization process.
WARNING:Xst:1710 - FF/Latch <USER_LOGIC_I/rcshifter/clockCnt/r_q_16> (without init value) has a constant value of 0 in block <rc5controller>. This FF/Latch will be trimmed during the optimization process.
WARNING:Xst:1710 - FF/Latch <USER_LOGIC_I/rcshifter/clockCnt/r_q_15> (without init value) has a constant value of 0 in block <rc5controller>. This FF/Latch will be trimmed during the optimization process.

Mapping all equations...
Building and optimizing final netlist ...
Found area constraint ratio of 100 (+ 5) on block rc5controller, actual ratio is 0.

Final Macro Processing ...

=========================================================================
Final Register Report

Macro Statistics
# Registers                                            : 43
 Flip-Flops                                            : 43

=========================================================================

=========================================================================
*                           Partition Report                            *
=========================================================================

Partition Implementation Status
-------------------------------

  No Partitions were found in this design.

-------------------------------

=========================================================================
*                            Design Summary                             *
=========================================================================

Top Level Output File Name         : rc5controller.ngc

Primitive and Black Box Usage:
------------------------------
# BELS                             : 99
#      GND                         : 1
#      INV                         : 2
#      LUT2                        : 23
#      LUT3                        : 3
#      LUT4                        : 12
#      LUT5                        : 14
#      LUT6                        : 8
#      MUXCY                       : 20
#      VCC                         : 1
#      XORCY                       : 15
# FlipFlops/Latches                : 43
#      FD                          : 3
#      FDC                         : 28
#      FDR                         : 8
#      FDRE                        : 4
# Clock Buffers                    : 2
#      BUFG                        : 1
#      BUFGP                       : 1
# IO Buffers                       : 50
#      IBUF                        : 8
#      OBUF                        : 42

Device utilization summary:
---------------------------

Selected Device : 6slx45fgg676-2 


Slice Logic Utilization: 
 Number of Slice Registers:              43  out of  54576     0%  
 Number of Slice LUTs:                   62  out of  27288     0%  
    Number used as Logic:                62  out of  27288     0%  

Slice Logic Distribution: 
 Number of LUT Flip Flop pairs used:     62
   Number with an unused Flip Flop:      19  out of     62    30%  
   Number with an unused LUT:             0  out of     62     0%  
   Number of fully used LUT-FF pairs:    43  out of     62    69%  
   Number of unique control sets:         7

IO Utilization: 
 Number of IOs:                         151
 Number of bonded IOBs:                  51  out of    358    14%  

Specific Feature Utilization:
 Number of BUFG/BUFGCTRLs:                2  out of     16    12%  

---------------------------
Partition Resource Summary:
---------------------------

  No Partitions were found in this design.

---------------------------


=========================================================================
Timing Report

NOTE: THESE TIMING NUMBERS ARE ONLY A SYNTHESIS ESTIMATE.
      FOR ACCURATE TIMING INFORMATION PLEASE REFER TO THE TRACE REPORT
      GENERATED AFTER PLACE-and-ROUTE.

Clock Information:
------------------
-----------------------------------------------------------------------------------------------------+------------------------------------------------+-------+
Clock Signal                                                                                         | Clock buffer(FF name)                          | Load  |
-----------------------------------------------------------------------------------------------------+------------------------------------------------+-------+
S_AXI_ACLK                                                                                           | BUFGP                                          | 15    |
USER_LOGIC_I/rcshifter/clk_count_lap(USER_LOGIC_I/rcshifter/clk_count_lap_shift_active_AND_13_o23:O) | NONE(*)(USER_LOGIC_I/rcshifter/shiftCnt/r_q_4) | 5     |
USER_LOGIC_I/rcshifter/iCLK_shift_active_AND_9_o(USER_LOGIC_I/rcshifter/iCLK_shift_active_AND_9_o1:O)| NONE(*)(USER_LOGIC_I/rcshifter/clockCnt/r_q_14)| 15    |
iCLK                                                                                                 | IBUF+BUFG                                      | 8     |
-----------------------------------------------------------------------------------------------------+------------------------------------------------+-------+
(*) These 2 clock signal(s) are generated by combinatorial logic,
and XST is not able to identify which are the primary clock signals.
Please use the CLOCK_SIGNAL constraint to specify the clock signal(s) generated by combinatorial logic.
INFO:Xst:2169 - HDL ADVISOR - Some clock signals were not automatically buffered by XST with BUFG/BUFR resources. Please use the buffer_type constraint in order to insert these buffers to the clock signals to help prevent skew problems.

Asynchronous Control Signals Information:
----------------------------------------
No asynchronous control signals found in this design

Timing Summary:
---------------
Speed Grade: -2

   Minimum period: 4.554ns (Maximum Frequency: 219.575MHz)
   Minimum input arrival time before clock: 4.236ns
   Maximum output required time after clock: 5.712ns
   Maximum combinational path delay: No path found

Timing Details:
---------------
All values displayed in nanoseconds (ns)

=========================================================================
Timing constraint: Default period analysis for Clock 'S_AXI_ACLK'
  Clock period: 3.782ns (frequency: 264.410MHz)
  Total number of paths / destination ports: 68 / 26
-------------------------------------------------------------------------
Delay:               3.782ns (Levels of Logic = 3)
  Source:            AXI_LITE_IPIF_I/I_SLAVE_ATTACHMENT/I_DECODER/Bus_RNW_reg (FF)
  Destination:       AXI_LITE_IPIF_I/I_SLAVE_ATTACHMENT/state_FSM_FFd1 (FF)
  Source Clock:      S_AXI_ACLK rising
  Destination Clock: S_AXI_ACLK rising

  Data Path: AXI_LITE_IPIF_I/I_SLAVE_ATTACHMENT/I_DECODER/Bus_RNW_reg to AXI_LITE_IPIF_I/I_SLAVE_ATTACHMENT/state_FSM_FFd1
                                Gate     Net
    Cell:in->out      fanout   Delay   Delay  Logical Name (Net Name)
    ----------------------------------------  ------------
     FD:C->Q               4   0.525   1.032  AXI_LITE_IPIF_I/I_SLAVE_ATTACHMENT/I_DECODER/Bus_RNW_reg (AXI_LITE_IPIF_I/I_SLAVE_ATTACHMENT/I_DECODER/Bus_RNW_reg)
     LUT3:I0->O            2   0.235   0.726  AXI_LITE_IPIF_I/I_SLAVE_ATTACHMENT/rd_done1 (S_AXI_ARREADY_OBUF)
     LUT6:I5->O            1   0.254   0.682  AXI_LITE_IPIF_I/I_SLAVE_ATTACHMENT/state_FSM_FFd1-In3_SW0 (N4)
     LUT6:I5->O            1   0.254   0.000  AXI_LITE_IPIF_I/I_SLAVE_ATTACHMENT/state_FSM_FFd1-In3 (AXI_LITE_IPIF_I/I_SLAVE_ATTACHMENT/state_FSM_FFd1-In)
     FDR:D                     0.074          AXI_LITE_IPIF_I/I_SLAVE_ATTACHMENT/state_FSM_FFd1
    ----------------------------------------
    Total                      3.782ns (1.342ns logic, 2.440ns route)
                                       (35.5% logic, 64.5% route)

=========================================================================
Timing constraint: Default period analysis for Clock 'USER_LOGIC_I/rcshifter/clk_count_lap'
  Clock period: 2.218ns (frequency: 450.857MHz)
  Total number of paths / destination ports: 25 / 5
-------------------------------------------------------------------------
Delay:               2.218ns (Levels of Logic = 1)
  Source:            USER_LOGIC_I/rcshifter/shiftCnt/r_q_0 (FF)
  Destination:       USER_LOGIC_I/rcshifter/shiftCnt/r_q_0 (FF)
  Source Clock:      USER_LOGIC_I/rcshifter/clk_count_lap rising
  Destination Clock: USER_LOGIC_I/rcshifter/clk_count_lap rising

  Data Path: USER_LOGIC_I/rcshifter/shiftCnt/r_q_0 to USER_LOGIC_I/rcshifter/shiftCnt/r_q_0
                                Gate     Net
    Cell:in->out      fanout   Delay   Delay  Logical Name (Net Name)
    ----------------------------------------  ------------
     FDC:C->Q              7   0.525   1.365  USER_LOGIC_I/rcshifter/shiftCnt/r_q_0 (USER_LOGIC_I/rcshifter/shiftCnt/r_q_0)
     LUT6:I0->O            1   0.254   0.000  USER_LOGIC_I/rcshifter/shiftCnt/Mcount_r_q_xor<0>11 (USER_LOGIC_I/rcshifter/shiftCnt/Mcount_r_q)
     FDC:D                     0.074          USER_LOGIC_I/rcshifter/shiftCnt/r_q_0
    ----------------------------------------
    Total                      2.218ns (0.853ns logic, 1.365ns route)
                                       (38.5% logic, 61.5% route)

=========================================================================
Timing constraint: Default period analysis for Clock 'USER_LOGIC_I/rcshifter/iCLK_shift_active_AND_9_o'
  Clock period: 4.554ns (frequency: 219.575MHz)
  Total number of paths / destination ports: 4035 / 15
-------------------------------------------------------------------------
Delay:               4.554ns (Levels of Logic = 22)
  Source:            USER_LOGIC_I/rcshifter/clockCnt/r_q_4 (FF)
  Destination:       USER_LOGIC_I/rcshifter/clockCnt/r_q_14 (FF)
  Source Clock:      USER_LOGIC_I/rcshifter/iCLK_shift_active_AND_9_o rising
  Destination Clock: USER_LOGIC_I/rcshifter/iCLK_shift_active_AND_9_o rising

  Data Path: USER_LOGIC_I/rcshifter/clockCnt/r_q_4 to USER_LOGIC_I/rcshifter/clockCnt/r_q_14
                                Gate     Net
    Cell:in->out      fanout   Delay   Delay  Logical Name (Net Name)
    ----------------------------------------  ------------
     FDC:C->Q              4   0.525   1.234  USER_LOGIC_I/rcshifter/clockCnt/r_q_4 (USER_LOGIC_I/rcshifter/clockCnt/r_q_4)
     LUT5:I0->O            1   0.254   0.000  USER_LOGIC_I/rcshifter/Mcompar_clk_reg_out[24]_GND_15_o_LessThan_2_o_lut<0> (USER_LOGIC_I/rcshifter/Mcompar_clk_reg_out[24]_GND_15_o_LessThan_2_o_lut<0>)
     MUXCY:S->O            1   0.215   0.000  USER_LOGIC_I/rcshifter/Mcompar_clk_reg_out[24]_GND_15_o_LessThan_2_o_cy<0> (USER_LOGIC_I/rcshifter/Mcompar_clk_reg_out[24]_GND_15_o_LessThan_2_o_cy<0>)
     MUXCY:CI->O           1   0.023   0.000  USER_LOGIC_I/rcshifter/Mcompar_clk_reg_out[24]_GND_15_o_LessThan_2_o_cy<1> (USER_LOGIC_I/rcshifter/Mcompar_clk_reg_out[24]_GND_15_o_LessThan_2_o_cy<1>)
     MUXCY:CI->O           1   0.023   0.000  USER_LOGIC_I/rcshifter/Mcompar_clk_reg_out[24]_GND_15_o_LessThan_2_o_cy<2> (USER_LOGIC_I/rcshifter/Mcompar_clk_reg_out[24]_GND_15_o_LessThan_2_o_cy<2>)
     MUXCY:CI->O           1   0.023   0.000  USER_LOGIC_I/rcshifter/Mcompar_clk_reg_out[24]_GND_15_o_LessThan_2_o_cy<3> (USER_LOGIC_I/rcshifter/Mcompar_clk_reg_out[24]_GND_15_o_LessThan_2_o_cy<3>)
     MUXCY:CI->O          16   0.023   1.182  USER_LOGIC_I/rcshifter/Mcompar_clk_reg_out[24]_GND_15_o_LessThan_2_o_cy<4> (USER_LOGIC_I/rcshifter/Mcompar_clk_reg_out[24]_GND_15_o_LessThan_2_o_cy<4>)
     LUT2:I1->O            1   0.254   0.000  USER_LOGIC_I/rcshifter/clockCnt/Mcount_r_q_lut<0> (USER_LOGIC_I/rcshifter/clockCnt/Mcount_r_q_lut<0>)
     MUXCY:S->O            1   0.215   0.000  USER_LOGIC_I/rcshifter/clockCnt/Mcount_r_q_cy<0> (USER_LOGIC_I/rcshifter/clockCnt/Mcount_r_q_cy<0>)
     MUXCY:CI->O           1   0.023   0.000  USER_LOGIC_I/rcshifter/clockCnt/Mcount_r_q_cy<1> (USER_LOGIC_I/rcshifter/clockCnt/Mcount_r_q_cy<1>)
     MUXCY:CI->O           1   0.023   0.000  USER_LOGIC_I/rcshifter/clockCnt/Mcount_r_q_cy<2> (USER_LOGIC_I/rcshifter/clockCnt/Mcount_r_q_cy<2>)
     MUXCY:CI->O           1   0.023   0.000  USER_LOGIC_I/rcshifter/clockCnt/Mcount_r_q_cy<3> (USER_LOGIC_I/rcshifter/clockCnt/Mcount_r_q_cy<3>)
     MUXCY:CI->O           1   0.023   0.000  USER_LOGIC_I/rcshifter/clockCnt/Mcount_r_q_cy<4> (USER_LOGIC_I/rcshifter/clockCnt/Mcount_r_q_cy<4>)
     MUXCY:CI->O           1   0.023   0.000  USER_LOGIC_I/rcshifter/clockCnt/Mcount_r_q_cy<5> (USER_LOGIC_I/rcshifter/clockCnt/Mcount_r_q_cy<5>)
     MUXCY:CI->O           1   0.023   0.000  USER_LOGIC_I/rcshifter/clockCnt/Mcount_r_q_cy<6> (USER_LOGIC_I/rcshifter/clockCnt/Mcount_r_q_cy<6>)
     MUXCY:CI->O           1   0.023   0.000  USER_LOGIC_I/rcshifter/clockCnt/Mcount_r_q_cy<7> (USER_LOGIC_I/rcshifter/clockCnt/Mcount_r_q_cy<7>)
     MUXCY:CI->O           1   0.023   0.000  USER_LOGIC_I/rcshifter/clockCnt/Mcount_r_q_cy<8> (USER_LOGIC_I/rcshifter/clockCnt/Mcount_r_q_cy<8>)
     MUXCY:CI->O           1   0.023   0.000  USER_LOGIC_I/rcshifter/clockCnt/Mcount_r_q_cy<9> (USER_LOGIC_I/rcshifter/clockCnt/Mcount_r_q_cy<9>)
     MUXCY:CI->O           1   0.023   0.000  USER_LOGIC_I/rcshifter/clockCnt/Mcount_r_q_cy<10> (USER_LOGIC_I/rcshifter/clockCnt/Mcount_r_q_cy<10>)
     MUXCY:CI->O           1   0.023   0.000  USER_LOGIC_I/rcshifter/clockCnt/Mcount_r_q_cy<11> (USER_LOGIC_I/rcshifter/clockCnt/Mcount_r_q_cy<11>)
     MUXCY:CI->O           1   0.023   0.000  USER_LOGIC_I/rcshifter/clockCnt/Mcount_r_q_cy<12> (USER_LOGIC_I/rcshifter/clockCnt/Mcount_r_q_cy<12>)
     MUXCY:CI->O           0   0.023   0.000  USER_LOGIC_I/rcshifter/clockCnt/Mcount_r_q_cy<13> (USER_LOGIC_I/rcshifter/clockCnt/Mcount_r_q_cy<13>)
     XORCY:CI->O           1   0.206   0.000  USER_LOGIC_I/rcshifter/clockCnt/Mcount_r_q_xor<14> (USER_LOGIC_I/rcshifter/clockCnt/Mcount_r_q14)
     FDC:D                     0.074          USER_LOGIC_I/rcshifter/clockCnt/r_q_14
    ----------------------------------------
    Total                      4.554ns (2.138ns logic, 2.416ns route)
                                       (47.0% logic, 53.0% route)

=========================================================================
Timing constraint: Default period analysis for Clock 'iCLK'
  Clock period: 1.895ns (frequency: 527.704MHz)
  Total number of paths / destination ports: 15 / 8
-------------------------------------------------------------------------
Delay:               1.895ns (Levels of Logic = 1)
  Source:            USER_LOGIC_I/rcshifter/shiftReg/r_q_6 (FF)
  Destination:       USER_LOGIC_I/rcshifter/shiftReg/r_q_6 (FF)
  Source Clock:      iCLK rising
  Destination Clock: iCLK rising

  Data Path: USER_LOGIC_I/rcshifter/shiftReg/r_q_6 to USER_LOGIC_I/rcshifter/shiftReg/r_q_6
                                Gate     Net
    Cell:in->out      fanout   Delay   Delay  Logical Name (Net Name)
    ----------------------------------------  ------------
     FDC:C->Q              3   0.525   1.042  USER_LOGIC_I/rcshifter/shiftReg/r_q_6 (USER_LOGIC_I/rcshifter/shiftReg/r_q_6)
     LUT4:I0->O            1   0.254   0.000  USER_LOGIC_I/rcshifter/Mmux_next_shifter_value<25:1>221 (USER_LOGIC_I/rcshifter/next_shifter_value<6>)
     FDC:D                     0.074          USER_LOGIC_I/rcshifter/shiftReg/r_q_6
    ----------------------------------------
    Total                      1.895ns (0.853ns logic, 1.042ns route)
                                       (45.0% logic, 55.0% route)

=========================================================================
Timing constraint: Default OFFSET IN BEFORE for Clock 'S_AXI_ACLK'
  Total number of paths / destination ports: 18 / 7
-------------------------------------------------------------------------
Offset:              3.851ns (Levels of Logic = 2)
  Source:            S_AXI_ARESETN (PAD)
  Destination:       AXI_LITE_IPIF_I/I_SLAVE_ATTACHMENT/rst (FF)
  Destination Clock: S_AXI_ACLK rising

  Data Path: S_AXI_ARESETN to AXI_LITE_IPIF_I/I_SLAVE_ATTACHMENT/rst
                                Gate     Net
    Cell:in->out      fanout   Delay   Delay  Logical Name (Net Name)
    ----------------------------------------  ------------
     IBUF:I->O             2   1.328   0.725  S_AXI_ARESETN_IBUF (S_AXI_ARESETN_IBUF)
     INV:I->O             29   0.255   1.469  USER_LOGIC_I/rcshifter/inRST_inv1_INV_0 (AXI_LITE_IPIF_I/I_SLAVE_ATTACHMENT/rst_rstpot)
     FD:D                      0.074          AXI_LITE_IPIF_I/I_SLAVE_ATTACHMENT/rst
    ----------------------------------------
    Total                      3.851ns (1.657ns logic, 2.194ns route)
                                       (43.0% logic, 57.0% route)

=========================================================================
Timing constraint: Default OFFSET IN BEFORE for Clock 'USER_LOGIC_I/rcshifter/clk_count_lap'
  Total number of paths / destination ports: 6 / 6
-------------------------------------------------------------------------
Offset:              4.236ns (Levels of Logic = 2)
  Source:            S_AXI_ARESETN (PAD)
  Destination:       USER_LOGIC_I/rcshifter/shiftCnt/r_q_4 (FF)
  Destination Clock: USER_LOGIC_I/rcshifter/clk_count_lap rising

  Data Path: S_AXI_ARESETN to USER_LOGIC_I/rcshifter/shiftCnt/r_q_4
                                Gate     Net
    Cell:in->out      fanout   Delay   Delay  Logical Name (Net Name)
    ----------------------------------------  ------------
     IBUF:I->O             2   1.328   0.725  S_AXI_ARESETN_IBUF (S_AXI_ARESETN_IBUF)
     INV:I->O             29   0.255   1.469  USER_LOGIC_I/rcshifter/inRST_inv1_INV_0 (AXI_LITE_IPIF_I/I_SLAVE_ATTACHMENT/rst_rstpot)
     FDC:CLR                   0.459          USER_LOGIC_I/rcshifter/shiftCnt/r_q_0
    ----------------------------------------
    Total                      4.236ns (2.042ns logic, 2.194ns route)
                                       (48.2% logic, 51.8% route)

=========================================================================
Timing constraint: Default OFFSET IN BEFORE for Clock 'USER_LOGIC_I/rcshifter/iCLK_shift_active_AND_9_o'
  Total number of paths / destination ports: 15 / 15
-------------------------------------------------------------------------
Offset:              4.236ns (Levels of Logic = 2)
  Source:            S_AXI_ARESETN (PAD)
  Destination:       USER_LOGIC_I/rcshifter/clockCnt/r_q_14 (FF)
  Destination Clock: USER_LOGIC_I/rcshifter/iCLK_shift_active_AND_9_o rising

  Data Path: S_AXI_ARESETN to USER_LOGIC_I/rcshifter/clockCnt/r_q_14
                                Gate     Net
    Cell:in->out      fanout   Delay   Delay  Logical Name (Net Name)
    ----------------------------------------  ------------
     IBUF:I->O             2   1.328   0.725  S_AXI_ARESETN_IBUF (S_AXI_ARESETN_IBUF)
     INV:I->O             29   0.255   1.469  USER_LOGIC_I/rcshifter/inRST_inv1_INV_0 (AXI_LITE_IPIF_I/I_SLAVE_ATTACHMENT/rst_rstpot)
     FDC:CLR                   0.459          USER_LOGIC_I/rcshifter/clockCnt/r_q_0
    ----------------------------------------
    Total                      4.236ns (2.042ns logic, 2.194ns route)
                                       (48.2% logic, 51.8% route)

=========================================================================
Timing constraint: Default OFFSET IN BEFORE for Clock 'iCLK'
  Total number of paths / destination ports: 17 / 16
-------------------------------------------------------------------------
Offset:              4.236ns (Levels of Logic = 2)
  Source:            S_AXI_ARESETN (PAD)
  Destination:       USER_LOGIC_I/rcshifter/shiftReg/r_q_7 (FF)
  Destination Clock: iCLK rising

  Data Path: S_AXI_ARESETN to USER_LOGIC_I/rcshifter/shiftReg/r_q_7
                                Gate     Net
    Cell:in->out      fanout   Delay   Delay  Logical Name (Net Name)
    ----------------------------------------  ------------
     IBUF:I->O             2   1.328   0.725  S_AXI_ARESETN_IBUF (S_AXI_ARESETN_IBUF)
     INV:I->O             29   0.255   1.469  USER_LOGIC_I/rcshifter/inRST_inv1_INV_0 (AXI_LITE_IPIF_I/I_SLAVE_ATTACHMENT/rst_rstpot)
     FDC:CLR                   0.459          USER_LOGIC_I/rcshifter/shiftReg/r_q_0
    ----------------------------------------
    Total                      4.236ns (2.042ns logic, 2.194ns route)
                                       (48.2% logic, 51.8% route)

=========================================================================
Timing constraint: Default OFFSET OUT AFTER for Clock 'S_AXI_ACLK'
  Total number of paths / destination ports: 15 / 9
-------------------------------------------------------------------------
Offset:              5.544ns (Levels of Logic = 2)
  Source:            AXI_LITE_IPIF_I/I_SLAVE_ATTACHMENT/INCLUDE_DPHASE_TIMER.dpto_cnt_3 (FF)
  Destination:       S_AXI_WREADY (PAD)
  Source Clock:      S_AXI_ACLK rising

  Data Path: AXI_LITE_IPIF_I/I_SLAVE_ATTACHMENT/INCLUDE_DPHASE_TIMER.dpto_cnt_3 to S_AXI_WREADY
                                Gate     Net
    Cell:in->out      fanout   Delay   Delay  Logical Name (Net Name)
    ----------------------------------------  ------------
     FDR:C->Q              5   0.525   1.069  AXI_LITE_IPIF_I/I_SLAVE_ATTACHMENT/INCLUDE_DPHASE_TIMER.dpto_cnt_3 (AXI_LITE_IPIF_I/I_SLAVE_ATTACHMENT/INCLUDE_DPHASE_TIMER.dpto_cnt_3)
     LUT3:I0->O            4   0.235   0.803  AXI_LITE_IPIF_I/I_SLAVE_ATTACHMENT/wr_done1 (S_AXI_AWREADY_OBUF)
     OBUF:I->O                 2.912          S_AXI_WREADY_OBUF (S_AXI_WREADY)
    ----------------------------------------
    Total                      5.544ns (3.672ns logic, 1.872ns route)
                                       (66.2% logic, 33.8% route)

=========================================================================
Timing constraint: Default OFFSET OUT AFTER for Clock 'USER_LOGIC_I/rcshifter/clk_count_lap'
  Total number of paths / destination ports: 5 / 1
-------------------------------------------------------------------------
Offset:              5.712ns (Levels of Logic = 2)
  Source:            USER_LOGIC_I/rcshifter/shiftCnt/r_q_3 (FF)
  Destination:       oIRQ (PAD)
  Source Clock:      USER_LOGIC_I/rcshifter/clk_count_lap rising

  Data Path: USER_LOGIC_I/rcshifter/shiftCnt/r_q_3 to oIRQ
                                Gate     Net
    Cell:in->out      fanout   Delay   Delay  Logical Name (Net Name)
    ----------------------------------------  ------------
     FDC:C->Q              7   0.525   1.340  USER_LOGIC_I/rcshifter/shiftCnt/r_q_3 (USER_LOGIC_I/rcshifter/shiftCnt/r_q_3)
     LUT5:I0->O            1   0.254   0.681  USER_LOGIC_I/rcshifter/oIRQ<4>1 (oIRQ_OBUF)
     OBUF:I->O                 2.912          oIRQ_OBUF (oIRQ)
    ----------------------------------------
    Total                      5.712ns (3.691ns logic, 2.021ns route)
                                       (64.6% logic, 35.4% route)

=========================================================================

Cross Clock Domains Report:
--------------------------

Clock to Setup on destination clock S_AXI_ACLK
---------------+---------+---------+---------+---------+
               | Src:Rise| Src:Fall| Src:Rise| Src:Fall|
Source Clock   |Dest:Rise|Dest:Rise|Dest:Fall|Dest:Fall|
---------------+---------+---------+---------+---------+
S_AXI_ACLK     |    3.782|         |         |         |
iCLK           |    1.723|         |         |         |
---------------+---------+---------+---------+---------+

Clock to Setup on destination clock USER_LOGIC_I/rcshifter/clk_count_lap
------------------------------------+---------+---------+---------+---------+
                                    | Src:Rise| Src:Fall| Src:Rise| Src:Fall|
Source Clock                        |Dest:Rise|Dest:Rise|Dest:Fall|Dest:Fall|
------------------------------------+---------+---------+---------+---------+
USER_LOGIC_I/rcshifter/clk_count_lap|    2.218|         |         |         |
------------------------------------+---------+---------+---------+---------+

Clock to Setup on destination clock USER_LOGIC_I/rcshifter/iCLK_shift_active_AND_9_o
------------------------------------------------+---------+---------+---------+---------+
                                                | Src:Rise| Src:Fall| Src:Rise| Src:Fall|
Source Clock                                    |Dest:Rise|Dest:Rise|Dest:Fall|Dest:Fall|
------------------------------------------------+---------+---------+---------+---------+
USER_LOGIC_I/rcshifter/iCLK_shift_active_AND_9_o|    4.554|         |         |         |
------------------------------------------------+---------+---------+---------+---------+

Clock to Setup on destination clock iCLK
------------------------------------------------+---------+---------+---------+---------+
                                                | Src:Rise| Src:Fall| Src:Rise| Src:Fall|
Source Clock                                    |Dest:Rise|Dest:Rise|Dest:Fall|Dest:Fall|
------------------------------------------------+---------+---------+---------+---------+
USER_LOGIC_I/rcshifter/clk_count_lap            |    3.657|         |         |         |
USER_LOGIC_I/rcshifter/iCLK_shift_active_AND_9_o|    6.079|         |         |         |
iCLK                                            |    1.895|         |         |         |
------------------------------------------------+---------+---------+---------+---------+

=========================================================================


Total REAL time to Xst completion: 5.00 secs
Total CPU time to Xst completion: 4.95 secs
 
--> 

Total memory usage is 266432 kilobytes

Number of errors   :    0 (   0 filtered)
Number of warnings :   86 (   0 filtered)
Number of infos    :    7 (   0 filtered)

